Watching for file changes with StatReloader
Performing system checks...

System check identified some issues:

WARNINGS:
todos.Todo: (models.W042) Auto-created primary key used when not defining a primary key type, by default 'django.db.models.AutoField'.
	HINT: Configure the DEFAULT_AUTO_FIELD setting or the TodosConfig.default_auto_field attribute to point to a subclass of AutoField, e.g. 'django.db.models.BigAutoField'.

System check identified 1 issue (0 silenced).

You have 1 unapplied migration(s). Your project may not work properly until you apply the migrations for app(s): auth.
Run 'python manage.py migrate' to apply them.
September 26, 2023 - 14:59:47
Django version 4.2.5, using settings 'todoApp.settings'
Starting development server at http://0.0.0.0:8000/
Quit the server with CONTROL-C.

Watching for file changes with StatReloader
Performing system checks...

System check identified some issues:

WARNINGS:
todos.Todo: (models.W042) Auto-created primary key used when not defining a primary key type, by default 'django.db.models.AutoField'.
	HINT: Configure the DEFAULT_AUTO_FIELD setting or the TodosConfig.default_auto_field attribute to point to a subclass of AutoField, e.g. 'django.db.models.BigAutoField'.

System check identified 1 issue (0 silenced).

You have 1 unapplied migration(s). Your project may not work properly until you apply the migrations for app(s): auth.
Run 'python manage.py migrate' to apply them.
September 26, 2023 - 15:01:13
Django version 4.2.5, using settings 'todoApp.settings'
Starting development server at http://0.0.0.0:8000/
Quit the server with CONTROL-C.

[26/Sep/2023 15:01:20] "GET / HTTP/1.1" 302 0
[26/Sep/2023 15:01:20] "GET /todos HTTP/1.1" 301 0
[26/Sep/2023 15:01:21] "GET /todos/ HTTP/1.1" 200 4127
[26/Sep/2023 15:01:21] "GET /static/css/style.css HTTP/1.1" 304 0
[26/Sep/2023 15:06:40] "GET /todos/ HTTP/1.1" 200 4127
[26/Sep/2023 15:06:40] "GET /static/css/style.css HTTP/1.1" 304 0
[26/Sep/2023 15:06:50] "POST /todos/add/ HTTP/1.1" 302 0
[26/Sep/2023 15:06:51] "GET /todos/ HTTP/1.1" 200 4704
